{"level":"info","message":"[2deed278-209b-4230-8140-50b642ac24fd] Generando overlay glassmorphism"}
{"level":"info","message":"[2deed278-209b-4230-8140-50b642ac24fd] Overlay guardado: temp/overlay-2deed278-209b-4230-8140-50b642ac24fd.png (53774 bytes)"}
{"level":"info","message":"[0e167f52-a2d6-4b4f-9eda-c9ad0bd11127] Generando overlay glassmorphism"}
{"level":"info","message":"[0e167f52-a2d6-4b4f-9eda-c9ad0bd11127] Overlay guardado: temp/overlay-0e167f52-a2d6-4b4f-9eda-c9ad0bd11127.png (53774 bytes)"}
{"level":"info","message":"[a4665125-30cf-4a0b-8481-172899bc997c] Generando overlay glassmorphism"}
{"level":"info","message":"[a4665125-30cf-4a0b-8481-172899bc997c] Overlay guardado: temp/overlay-a4665125-30cf-4a0b-8481-172899bc997c.png (53774 bytes)"}
{"level":"info","message":"[c3d5e1b5-78ec-439f-b9e4-a918a6b9f30f] Generando overlay glassmorphism"}
{"level":"info","message":"[c3d5e1b5-78ec-439f-b9e4-a918a6b9f30f] Overlay guardado: temp/overlay-c3d5e1b5-78ec-439f-b9e4-a918a6b9f30f.png (53774 bytes)"}
{"level":"info","message":"[5fb5c9b9-48a7-4d3c-8d13-7cae5c937fe6] Generando overlay glassmorphism"}
{"level":"info","message":"[5fb5c9b9-48a7-4d3c-8d13-7cae5c937fe6] Overlay guardado: temp/overlay-5fb5c9b9-48a7-4d3c-8d13-7cae5c937fe6.png (53774 bytes)"}
{"level":"info","message":"[9853b6c9-8261-42c1-9523-7e9e75f29905] Generando overlay glassmorphism"}
{"level":"info","message":"[9853b6c9-8261-42c1-9523-7e9e75f29905] Overlay guardado: temp/overlay-9853b6c9-8261-42c1-9523-7e9e75f29905.png (49148 bytes)"}
{"level":"info","message":"[535e8b52-3644-4396-b175-2cc509bb369a] Generando overlay glassmorphism"}
{"level":"info","message":"[535e8b52-3644-4396-b175-2cc509bb369a] Overlay guardado: temp/overlay-535e8b52-3644-4396-b175-2cc509bb369a.png (49148 bytes)"}
{"level":"info","message":"[6156761e-3f86-485f-b3bc-24924decc47a] Generando overlay glassmorphism"}
{"level":"info","message":"[6156761e-3f86-485f-b3bc-24924decc47a] Overlay guardado: temp/overlay-6156761e-3f86-485f-b3bc-24924decc47a.png (62818 bytes)"}
{"level":"info","message":"[a4c79167-3962-4133-8a58-a405d01647b3] Generando overlay glassmorphism"}
{"level":"info","message":"[a4c79167-3962-4133-8a58-a405d01647b3] Overlay guardado: temp/overlay-a4c79167-3962-4133-8a58-a405d01647b3.png (82545 bytes)"}
{"level":"info","message":"[41ed3618-30fa-42cf-9732-78f86d06af80] Generando overlay glassmorphism"}
{"level":"info","message":"[41ed3618-30fa-42cf-9732-78f86d06af80] Overlay guardado: temp/overlay-41ed3618-30fa-42cf-9732-78f86d06af80.png (82545 bytes)"}
{"level":"info","message":"[3f29fea5-a6e8-48ab-9ab3-248ac7352349] Generando overlay glassmorphism"}
{"level":"info","message":"[3f29fea5-a6e8-48ab-9ab3-248ac7352349] Overlay guardado: temp/overlay-3f29fea5-a6e8-48ab-9ab3-248ac7352349.png (84685 bytes)"}
{"level":"info","message":"[99fb00cb-8244-497b-b4f3-9a288662b36c] Generando overlay glassmorphism"}
{"level":"info","message":"[99fb00cb-8244-497b-b4f3-9a288662b36c] Overlay guardado: temp/overlay-99fb00cb-8244-497b-b4f3-9a288662b36c.png (84685 bytes)"}
{"level":"info","message":"[93b3fefb-868e-47ac-8bd1-dcb85d69709b] Generando overlay glassmorphism"}
{"level":"info","message":"[93b3fefb-868e-47ac-8bd1-dcb85d69709b] Overlay guardado: temp/overlay-93b3fefb-868e-47ac-8bd1-dcb85d69709b.png (53080 bytes)"}
{"level":"info","message":"[5cc08c92-09fe-4f67-8903-bd70a90f3a4a] Generando overlay glassmorphism"}
{"level":"info","message":"[5cc08c92-09fe-4f67-8903-bd70a90f3a4a] Overlay guardado: temp/overlay-5cc08c92-09fe-4f67-8903-bd70a90f3a4a.png (45942 bytes)"}
{"level":"info","message":"[a4e804c4-7843-46ab-965b-fad7e553f6dd] Generando overlay glassmorphism"}
{"level":"info","message":"[a4e804c4-7843-46ab-965b-fad7e553f6dd] Overlay guardado: temp/overlay-a4e804c4-7843-46ab-965b-fad7e553f6dd.png (36892 bytes)"}
{"level":"info","message":"[cbd537dd-b4d5-4c8b-9a76-944e203c2b35] Generando overlay glassmorphism"}
{"level":"info","message":"[cbd537dd-b4d5-4c8b-9a76-944e203c2b35] Overlay guardado: temp/overlay-cbd537dd-b4d5-4c8b-9a76-944e203c2b35.png (36892 bytes)"}
{"level":"info","message":"[8b2a59a5-f6e8-4d94-9025-29aa714f9393] Generando overlay glassmorphism"}
{"level":"info","message":"[8b2a59a5-f6e8-4d94-9025-29aa714f9393] Overlay guardado: temp/overlay-8b2a59a5-f6e8-4d94-9025-29aa714f9393.png (28602 bytes)"}
{"level":"info","message":"[d82f295e-5cee-485d-bba1-be86b2896a19] Generando overlay glassmorphism"}
{"level":"info","message":"[d82f295e-5cee-485d-bba1-be86b2896a19] Overlay guardado: temp/overlay-d82f295e-5cee-485d-bba1-be86b2896a19.png (31376 bytes)"}
{"level":"info","message":"[13fde59a-d378-4a1c-8931-cfe28c59690b] Generando overlay glassmorphism"}
{"level":"info","message":"[13fde59a-d378-4a1c-8931-cfe28c59690b] Overlay guardado: temp/overlay-13fde59a-d378-4a1c-8931-cfe28c59690b.png (31235 bytes)"}
{"level":"info","message":"[1648acdf-9167-40ad-9062-cfff4f7361f9] Generando overlay glassmorphism"}
{"level":"info","message":"[1648acdf-9167-40ad-9062-cfff4f7361f9] Avatar cargado en overlay"}
{"level":"info","message":"[1648acdf-9167-40ad-9062-cfff4f7361f9] Overlay guardado: temp/overlay-1648acdf-9167-40ad-9062-cfff4f7361f9.png (94732 bytes)"}
{"level":"info","message":"[795ddb23-3ff7-4afe-a98e-426a885b528f] Generando overlay glassmorphism"}
{"level":"info","message":"[795ddb23-3ff7-4afe-a98e-426a885b528f] Avatar cargado en overlay"}
{"level":"info","message":"[795ddb23-3ff7-4afe-a98e-426a885b528f] Overlay guardado: temp/overlay-795ddb23-3ff7-4afe-a98e-426a885b528f.png (155882 bytes)"}
{"level":"info","message":"[c9ad7aae-e8f5-42cd-aa31-3cfca6660b61] Generando overlay glassmorphism"}
{"level":"info","message":"[c9ad7aae-e8f5-42cd-aa31-3cfca6660b61] Avatar cargado en overlay"}
{"level":"info","message":"[c9ad7aae-e8f5-42cd-aa31-3cfca6660b61] Overlay guardado: temp/overlay-c9ad7aae-e8f5-42cd-aa31-3cfca6660b61.png (231834 bytes)"}
{"level":"info","message":"[988c5aec-246d-424b-8f6e-84a367ca3e76] Generando overlay glassmorphism"}
{"level":"info","message":"[988c5aec-246d-424b-8f6e-84a367ca3e76] Avatar cargado en overlay"}
{"level":"info","message":"[988c5aec-246d-424b-8f6e-84a367ca3e76] Overlay guardado: temp/overlay-988c5aec-246d-424b-8f6e-84a367ca3e76.png (264118 bytes)"}
{"level":"info","message":"[3c34ec62-8a35-4547-9c0b-968380e4acb6] Generando overlay glassmorphism"}
{"level":"info","message":"[3c34ec62-8a35-4547-9c0b-968380e4acb6] Avatar cargado en overlay"}
{"level":"info","message":"[3c34ec62-8a35-4547-9c0b-968380e4acb6] Overlay guardado: temp/overlay-3c34ec62-8a35-4547-9c0b-968380e4acb6.png (264118 bytes)"}
{"level":"info","message":"[0a5a9d28-aada-4679-9deb-9a6bfd606108] Generando overlay glassmorphism"}
{"level":"info","message":"[0a5a9d28-aada-4679-9deb-9a6bfd606108] Avatar cargado en overlay"}
{"level":"info","message":"[0a5a9d28-aada-4679-9deb-9a6bfd606108] Overlay guardado: temp/overlay-0a5a9d28-aada-4679-9deb-9a6bfd606108.png (192900 bytes)"}
{"level":"info","message":"[1fdba156-20dd-4603-a757-cb4f8d30798e] Generando overlay glassmorphism"}
{"level":"info","message":"[1fdba156-20dd-4603-a757-cb4f8d30798e] Avatar cargado en overlay"}
{"level":"info","message":"[1fdba156-20dd-4603-a757-cb4f8d30798e] Overlay guardado: temp/overlay-1fdba156-20dd-4603-a757-cb4f8d30798e.png (192900 bytes)"}
{"level":"info","message":"[272ec62e-0911-4181-9841-0c21d1e3b9be] Generando overlay glassmorphism"}
{"level":"info","message":"[272ec62e-0911-4181-9841-0c21d1e3b9be] Avatar cargado en overlay"}
{"level":"info","message":"[272ec62e-0911-4181-9841-0c21d1e3b9be] Overlay guardado: temp/overlay-272ec62e-0911-4181-9841-0c21d1e3b9be.png (202980 bytes)"}
{"level":"info","message":"[65b49528-e3db-4a13-9bc7-b46bdf4eb610] Generando overlay glassmorphism"}
{"level":"info","message":"[65b49528-e3db-4a13-9bc7-b46bdf4eb610] Avatar cargado en overlay"}
{"level":"info","message":"[65b49528-e3db-4a13-9bc7-b46bdf4eb610] Overlay guardado: temp/overlay-65b49528-e3db-4a13-9bc7-b46bdf4eb610.png (152410 bytes)"}
{"level":"info","message":"[1ef2a04c-b668-49ff-9b9e-d69e98db9cc0] Generando overlay glassmorphism"}
{"level":"info","message":"[1ef2a04c-b668-49ff-9b9e-d69e98db9cc0] Avatar cargado en overlay"}
{"level":"info","message":"[1ef2a04c-b668-49ff-9b9e-d69e98db9cc0] Overlay guardado: temp/overlay-1ef2a04c-b668-49ff-9b9e-d69e98db9cc0.png (143898 bytes)"}
{"level":"info","message":"[f3beb4ef-7918-4a7c-b025-d7e5705c356c] Generando overlay glassmorphism"}
{"level":"info","message":"[f3beb4ef-7918-4a7c-b025-d7e5705c356c] Avatar cargado en overlay"}
{"level":"info","message":"[f3beb4ef-7918-4a7c-b025-d7e5705c356c] Overlay guardado: temp/overlay-f3beb4ef-7918-4a7c-b025-d7e5705c356c.png (203925 bytes)"}
{"level":"info","message":"[3bcd96f6-e00f-40b3-a448-dbc66fbf89fc] Generando overlay glassmorphism"}
{"level":"info","message":"[3bcd96f6-e00f-40b3-a448-dbc66fbf89fc] Avatar cargado en overlay"}
{"level":"info","message":"[3bcd96f6-e00f-40b3-a448-dbc66fbf89fc] Overlay guardado: temp/overlay-3bcd96f6-e00f-40b3-a448-dbc66fbf89fc.png (203925 bytes)"}
{"level":"info","message":"[cef3bab7-eb72-417d-b1eb-a836ba4ac8c7] Generando overlay glassmorphism"}
{"level":"info","message":"[cef3bab7-eb72-417d-b1eb-a836ba4ac8c7] Avatar cargado en overlay"}
{"level":"info","message":"[cef3bab7-eb72-417d-b1eb-a836ba4ac8c7] Overlay guardado: temp/overlay-cef3bab7-eb72-417d-b1eb-a836ba4ac8c7.png (103453 bytes)"}
{"level":"info","message":"[df588017-23bc-42f5-8c8a-4b06883e9287] Generando overlay glassmorphism"}
{"level":"info","message":"[df588017-23bc-42f5-8c8a-4b06883e9287] Avatar cargado en overlay"}
{"level":"info","message":"[df588017-23bc-42f5-8c8a-4b06883e9287] Overlay guardado: temp/overlay-df588017-23bc-42f5-8c8a-4b06883e9287.png (131885 bytes)"}
{"level":"info","message":"[64414405-1707-4a6f-b61c-7b0a2aaed23c] Generando overlay glassmorphism"}
{"level":"info","message":"[64414405-1707-4a6f-b61c-7b0a2aaed23c] Avatar cargado en overlay"}
{"level":"info","message":"[64414405-1707-4a6f-b61c-7b0a2aaed23c] Overlay guardado: temp/overlay-64414405-1707-4a6f-b61c-7b0a2aaed23c.png (194976 bytes)"}
{"level":"info","message":"[8de0ae4f-fd9a-423b-83aa-a5a781094697] Generando overlay glassmorphism"}
{"level":"info","message":"[8de0ae4f-fd9a-423b-83aa-a5a781094697] Avatar cargado en overlay"}
{"level":"info","message":"[8de0ae4f-fd9a-423b-83aa-a5a781094697] Overlay guardado: temp/overlay-8de0ae4f-fd9a-423b-83aa-a5a781094697.png (194976 bytes)"}
{"level":"info","message":"[5bfa0cc7-3ffd-4353-aa77-425543de68b4] Generando overlay glassmorphism"}
{"level":"info","message":"[5bfa0cc7-3ffd-4353-aa77-425543de68b4] Avatar cargado en overlay"}
{"level":"info","message":"[5bfa0cc7-3ffd-4353-aa77-425543de68b4] Overlay guardado: temp/overlay-5bfa0cc7-3ffd-4353-aa77-425543de68b4.png (194976 bytes)"}
{"level":"info","message":"[0391ea43-9f71-44c3-8954-edaae70bb52c] Generando overlay glassmorphism"}
{"code":"ENOENT","errno":2,"level":"warn","message":"[0391ea43-9f71-44c3-8954-edaae70bb52c] Error cargando avatar en overlay: ENOENT, No such file or directory '/uploads/avatars/bra.jpeg'","path":"/uploads/avatars/bra.jpeg","stack":"Error: ENOENT, No such file or directory '/uploads/avatars/bra.jpeg'\n    at setSource (/Users/alexanderurbina/socialimggen/node_modules/canvas/lib/image.js:94:13)\n    at Image.set (/Users/alexanderurbina/socialimggen/node_modules/canvas/lib/image.js:65:9)\n    at /Users/alexanderurbina/socialimggen/node_modules/canvas/index.js:34:15\n    at new Promise (<anonymous>)\n    at loadImage (/Users/alexanderurbina/socialimggen/node_modules/canvas/index.js:23:10)\n    at drawTweetOverlay (/Users/alexanderurbina/socialimggen/dist/src/utils/canvas.js:140:62)\n    at async generateGlassmorphismOverlay (/Users/alexanderurbina/socialimggen/dist/src/utils/canvas.js:46:9)\n    at async generateVideo (/Users/alexanderurbina/socialimggen/dist/src/services/videoGenerator.js:51:23)\n    at async /Users/alexanderurbina/socialimggen/dist/src/routes/video.js:388:24","syscall":"fopen"}
{"level":"info","message":"[0391ea43-9f71-44c3-8954-edaae70bb52c] Overlay guardado: temp/overlay-0391ea43-9f71-44c3-8954-edaae70bb52c.png (111734 bytes)"}
{"level":"info","message":"[e597b5a5-81e7-46e1-94e6-85b43022bbba] Generando overlay glassmorphism"}
{"code":"ENOENT","errno":2,"level":"warn","message":"[e597b5a5-81e7-46e1-94e6-85b43022bbba] Error cargando avatar en overlay: ENOENT, No such file or directory '/uploads/avatars/lex.jpg'","path":"/uploads/avatars/lex.jpg","stack":"Error: ENOENT, No such file or directory '/uploads/avatars/lex.jpg'\n    at setSource (/Users/alexanderurbina/socialimggen/node_modules/canvas/lib/image.js:94:13)\n    at Image.set (/Users/alexanderurbina/socialimggen/node_modules/canvas/lib/image.js:65:9)\n    at /Users/alexanderurbina/socialimggen/node_modules/canvas/index.js:34:15\n    at new Promise (<anonymous>)\n    at loadImage (/Users/alexanderurbina/socialimggen/node_modules/canvas/index.js:23:10)\n    at drawTweetOverlay (/Users/alexanderurbina/socialimggen/dist/src/utils/canvas.js:140:62)\n    at async generateGlassmorphismOverlay (/Users/alexanderurbina/socialimggen/dist/src/utils/canvas.js:46:9)\n    at async generateVideo (/Users/alexanderurbina/socialimggen/dist/src/services/videoGenerator.js:51:23)\n    at async /Users/alexanderurbina/socialimggen/dist/src/routes/video.js:388:24","syscall":"fopen"}
{"level":"info","message":"[e597b5a5-81e7-46e1-94e6-85b43022bbba] Overlay guardado: temp/overlay-e597b5a5-81e7-46e1-94e6-85b43022bbba.png (183500 bytes)"}
{"level":"info","message":"[4c44699a-2d37-4fdb-9748-485123119688] Generando overlay glassmorphism"}
{"code":"ENOENT","errno":2,"level":"warn","message":"[4c44699a-2d37-4fdb-9748-485123119688] Error cargando avatar en overlay: ENOENT, No such file or directory '/uploads/avatars/lex.jpg'","path":"/uploads/avatars/lex.jpg","stack":"Error: ENOENT, No such file or directory '/uploads/avatars/lex.jpg'\n    at setSource (/Users/alexanderurbina/socialimggen/node_modules/canvas/lib/image.js:94:13)\n    at Image.set (/Users/alexanderurbina/socialimggen/node_modules/canvas/lib/image.js:65:9)\n    at /Users/alexanderurbina/socialimggen/node_modules/canvas/index.js:34:15\n    at new Promise (<anonymous>)\n    at loadImage (/Users/alexanderurbina/socialimggen/node_modules/canvas/index.js:23:10)\n    at drawTweetOverlay (/Users/alexanderurbina/socialimggen/dist/src/utils/canvas.js:140:62)\n    at async generateGlassmorphismOverlay (/Users/alexanderurbina/socialimggen/dist/src/utils/canvas.js:46:9)\n    at async generateVideo (/Users/alexanderurbina/socialimggen/dist/src/services/videoGenerator.js:51:23)\n    at async /Users/alexanderurbina/socialimggen/dist/src/routes/video.js:390:24","syscall":"fopen"}
{"level":"info","message":"[4c44699a-2d37-4fdb-9748-485123119688] Overlay guardado: temp/overlay-4c44699a-2d37-4fdb-9748-485123119688.png (183500 bytes)"}
{"level":"info","message":"[dfff9a32-3975-4ac7-8376-6f5a4834c1a1] Generando overlay glassmorphism"}
{"level":"info","message":"[dfff9a32-3975-4ac7-8376-6f5a4834c1a1] Avatar cargado en overlay"}
{"level":"info","message":"[dfff9a32-3975-4ac7-8376-6f5a4834c1a1] Overlay guardado: temp/overlay-dfff9a32-3975-4ac7-8376-6f5a4834c1a1.png (129538 bytes)"}
{"level":"info","message":"[0c3a211c-6486-4fa5-8ccb-ad86d1b41780] Generando overlay glassmorphism"}
{"level":"info","message":"[0c3a211c-6486-4fa5-8ccb-ad86d1b41780] Avatar cargado en overlay"}
{"level":"info","message":"[0c3a211c-6486-4fa5-8ccb-ad86d1b41780] Overlay guardado: temp/overlay-0c3a211c-6486-4fa5-8ccb-ad86d1b41780.png (194976 bytes)"}
{"level":"info","message":"[1f63e618-58a8-438a-8c15-2f6a8bef7669] Generando overlay glassmorphism"}
{"level":"info","message":"[1f63e618-58a8-438a-8c15-2f6a8bef7669] Avatar cargado en overlay"}
{"level":"info","message":"[1f63e618-58a8-438a-8c15-2f6a8bef7669] Overlay guardado: temp/overlay-1f63e618-58a8-438a-8c15-2f6a8bef7669.png (196197 bytes)"}
{"level":"info","message":"[6a155483-4744-4a05-bac7-bdb99d445ac3] Generando overlay glassmorphism"}
{"level":"info","message":"[6a155483-4744-4a05-bac7-bdb99d445ac3] Avatar cargado en overlay"}
{"level":"info","message":"[6a155483-4744-4a05-bac7-bdb99d445ac3] Overlay guardado: temp/overlay-6a155483-4744-4a05-bac7-bdb99d445ac3.png (122036 bytes)"}
{"level":"info","message":"[30b15528-c4a2-4316-8b84-5245bf40c264] Generando overlay glassmorphism"}
{"level":"info","message":"[30b15528-c4a2-4316-8b84-5245bf40c264] Avatar cargado en overlay"}
{"level":"info","message":"[30b15528-c4a2-4316-8b84-5245bf40c264] Overlay guardado: temp/overlay-30b15528-c4a2-4316-8b84-5245bf40c264.png (144309 bytes)"}
{"level":"info","message":"[1786c467-2e4c-4e89-a2ca-8371a40af2a8] Generando overlay glassmorphism"}
{"level":"info","message":"[1786c467-2e4c-4e89-a2ca-8371a40af2a8] Avatar cargado en overlay"}
{"level":"info","message":"[1786c467-2e4c-4e89-a2ca-8371a40af2a8] Overlay guardado: temp/overlay-1786c467-2e4c-4e89-a2ca-8371a40af2a8.png (158349 bytes)"}
{"level":"info","message":"[7e9a42a9-2faf-424c-8fb5-fd823712d27a] Generando overlay glassmorphism"}
{"level":"info","message":"[7e9a42a9-2faf-424c-8fb5-fd823712d27a] Avatar cargado en overlay"}
{"level":"info","message":"[7e9a42a9-2faf-424c-8fb5-fd823712d27a] Overlay guardado: temp/overlay-7e9a42a9-2faf-424c-8fb5-fd823712d27a.png (177179 bytes)"}
{"level":"info","message":"[a0ccf396-3ac0-4224-b96d-a3daa21d2be3] Generando overlay glassmorphism"}
{"level":"info","message":"[a0ccf396-3ac0-4224-b96d-a3daa21d2be3] Avatar cargado en overlay"}
{"level":"info","message":"[a0ccf396-3ac0-4224-b96d-a3daa21d2be3] Overlay guardado: temp/overlay-a0ccf396-3ac0-4224-b96d-a3daa21d2be3.png (125356 bytes)"}
{"level":"info","message":"[6b70334a-b9c3-43d2-bf9b-6a9bdc3cee16] Generando overlay glassmorphism"}
{"level":"info","message":"[6b70334a-b9c3-43d2-bf9b-6a9bdc3cee16] Avatar cargado en overlay"}
{"level":"info","message":"[6b70334a-b9c3-43d2-bf9b-6a9bdc3cee16] Overlay guardado: temp/overlay-6b70334a-b9c3-43d2-bf9b-6a9bdc3cee16.png (125356 bytes)"}
{"level":"info","message":"[fe922f0b-a603-4768-aa6b-a6edb0719b5e] Generando overlay glassmorphism"}
{"level":"info","message":"[fe922f0b-a603-4768-aa6b-a6edb0719b5e] Avatar cargado en overlay"}
{"level":"info","message":"[fe922f0b-a603-4768-aa6b-a6edb0719b5e] Overlay guardado: temp/overlay-fe922f0b-a603-4768-aa6b-a6edb0719b5e.png (90112 bytes)"}
{"level":"info","message":"[f28a670a-fafd-4fde-b71c-1e20f1152fbb] Generando overlay glassmorphism"}
{"level":"info","message":"[f28a670a-fafd-4fde-b71c-1e20f1152fbb] Avatar cargado en overlay"}
{"level":"info","message":"[f28a670a-fafd-4fde-b71c-1e20f1152fbb] Overlay guardado: temp/overlay-f28a670a-fafd-4fde-b71c-1e20f1152fbb.png (125356 bytes)"}
{"level":"info","message":"[1f38af0f-159f-466b-9f17-ffadbfd5b6ea] Generando overlay glassmorphism"}
{"level":"info","message":"[1f38af0f-159f-466b-9f17-ffadbfd5b6ea] Avatar cargado en overlay"}
{"level":"info","message":"[1f38af0f-159f-466b-9f17-ffadbfd5b6ea] Overlay guardado: temp/overlay-1f38af0f-159f-466b-9f17-ffadbfd5b6ea.png (90112 bytes)"}
{"level":"info","message":"[dd1f41aa-6d11-4acb-bf4c-bafd85e78703] Generando overlay glassmorphism"}
{"level":"info","message":"[dd1f41aa-6d11-4acb-bf4c-bafd85e78703] Avatar cargado en overlay"}
{"level":"info","message":"[dd1f41aa-6d11-4acb-bf4c-bafd85e78703] Overlay guardado: temp/overlay-dd1f41aa-6d11-4acb-bf4c-bafd85e78703.png (100960 bytes)"}
{"level":"info","message":"[bb646da1-b632-4643-a0fd-0900420d9dfc] Generando overlay glassmorphism"}
{"level":"info","message":"[bb646da1-b632-4643-a0fd-0900420d9dfc] Avatar cargado en overlay"}
{"level":"info","message":"[bb646da1-b632-4643-a0fd-0900420d9dfc] Overlay guardado: temp/overlay-bb646da1-b632-4643-a0fd-0900420d9dfc.png (78195 bytes)"}
{"level":"info","message":"[fcc2e760-3859-4e6d-aa84-49cd7bee597c] Generando overlay glassmorphism"}
{"level":"info","message":"[fcc2e760-3859-4e6d-aa84-49cd7bee597c] Avatar cargado en overlay"}
{"level":"info","message":"[fcc2e760-3859-4e6d-aa84-49cd7bee597c] Overlay guardado: temp/overlay-fcc2e760-3859-4e6d-aa84-49cd7bee597c.png (171136 bytes)"}
{"level":"info","message":"[cabfe37a-2fbb-4deb-a979-073d3513a66c] Generando overlay glassmorphism"}
{"level":"info","message":"[cabfe37a-2fbb-4deb-a979-073d3513a66c] Avatar cargado en overlay"}
{"level":"info","message":"[cabfe37a-2fbb-4deb-a979-073d3513a66c] Overlay guardado: temp/overlay-cabfe37a-2fbb-4deb-a979-073d3513a66c.png (77063 bytes)"}
{"level":"info","message":"[fe520c2d-e1a1-4f1a-b2db-b844499f3b5a] Generando overlay glassmorphism"}
{"level":"info","message":"[fe520c2d-e1a1-4f1a-b2db-b844499f3b5a] Avatar cargado en overlay"}
{"level":"info","message":"[fe520c2d-e1a1-4f1a-b2db-b844499f3b5a] Overlay guardado: temp/overlay-fe520c2d-e1a1-4f1a-b2db-b844499f3b5a.png (98572 bytes)"}
{"level":"info","message":"[b5a4f33c-f060-4fc8-8b8c-0ffe30f3f437] Generando overlay glassmorphism"}
{"level":"info","message":"[b5a4f33c-f060-4fc8-8b8c-0ffe30f3f437] Avatar cargado en overlay"}
{"level":"info","message":"[b5a4f33c-f060-4fc8-8b8c-0ffe30f3f437] Overlay guardado: temp/overlay-b5a4f33c-f060-4fc8-8b8c-0ffe30f3f437.png (95514 bytes)"}
{"level":"info","message":"[c554f2ae-43c6-485c-8d04-38366175e0dd] Generando overlay glassmorphism"}
{"level":"info","message":"[c554f2ae-43c6-485c-8d04-38366175e0dd] Avatar cargado en overlay"}
{"level":"info","message":"[c554f2ae-43c6-485c-8d04-38366175e0dd] Overlay guardado: temp/overlay-c554f2ae-43c6-485c-8d04-38366175e0dd.png (87940 bytes)"}
{"level":"info","message":"[5fd6f0ca-210d-43e6-af19-f720e1bb4fea] Generando overlay glassmorphism"}
{"level":"info","message":"[5fd6f0ca-210d-43e6-af19-f720e1bb4fea] Avatar cargado en overlay"}
{"level":"info","message":"[5fd6f0ca-210d-43e6-af19-f720e1bb4fea] Overlay guardado: temp/overlay-5fd6f0ca-210d-43e6-af19-f720e1bb4fea.png (169726 bytes)"}
{"level":"info","message":"[33620f18-4f06-4683-9024-77abd4d3f01e] Generando overlay glassmorphism"}
{"level":"info","message":"[33620f18-4f06-4683-9024-77abd4d3f01e] Avatar cargado en overlay"}
{"level":"info","message":"[33620f18-4f06-4683-9024-77abd4d3f01e] Overlay guardado: temp/overlay-33620f18-4f06-4683-9024-77abd4d3f01e.png (169726 bytes)"}
{"level":"info","message":"[7737c48b-eb81-4679-a4b5-71d574f413e7] Generando overlay glassmorphism"}
{"level":"info","message":"[7737c48b-eb81-4679-a4b5-71d574f413e7] Avatar cargado en overlay"}
{"level":"info","message":"[7737c48b-eb81-4679-a4b5-71d574f413e7] Overlay guardado: temp/overlay-7737c48b-eb81-4679-a4b5-71d574f413e7.png (87940 bytes)"}
{"level":"info","message":"[f0b3d15a-8344-4148-9795-1a0a7ab2436e] Generando overlay glassmorphism"}
{"level":"info","message":"[f0b3d15a-8344-4148-9795-1a0a7ab2436e] Avatar cargado en overlay"}
{"level":"info","message":"[f0b3d15a-8344-4148-9795-1a0a7ab2436e] Overlay guardado: temp/overlay-f0b3d15a-8344-4148-9795-1a0a7ab2436e.png (87940 bytes)"}
{"level":"info","message":"[a06557e0-55c1-4e97-a64d-1be5364c0058] Generando overlay glassmorphism"}
{"level":"info","message":"[a06557e0-55c1-4e97-a64d-1be5364c0058] Avatar cargado en overlay"}
{"level":"info","message":"[a06557e0-55c1-4e97-a64d-1be5364c0058] Overlay guardado: temp/overlay-a06557e0-55c1-4e97-a64d-1be5364c0058.png (78421 bytes)"}
{"level":"info","message":"[2fe22282-8484-4429-a125-bc04399ce007] Generando overlay glassmorphism"}
{"level":"info","message":"[2fe22282-8484-4429-a125-bc04399ce007] Avatar cargado en overlay"}
{"level":"info","message":"[2fe22282-8484-4429-a125-bc04399ce007] Overlay guardado: temp/overlay-2fe22282-8484-4429-a125-bc04399ce007.png (69860 bytes)"}
{"level":"info","message":"[ab3d1272-379c-4ec4-aebf-abcdce1931e1] Generando overlay glassmorphism"}
{"level":"info","message":"[ab3d1272-379c-4ec4-aebf-abcdce1931e1] Avatar cargado en overlay"}
{"level":"info","message":"[ab3d1272-379c-4ec4-aebf-abcdce1931e1] Overlay guardado: temp/overlay-ab3d1272-379c-4ec4-aebf-abcdce1931e1.png (62172 bytes)"}
{"level":"info","message":"[2023ac59-ce9d-41ac-9b10-3403f321819d] Generando overlay glassmorphism"}
{"level":"info","message":"[2023ac59-ce9d-41ac-9b10-3403f321819d] Avatar cargado en overlay"}
{"level":"info","message":"[2023ac59-ce9d-41ac-9b10-3403f321819d] Overlay guardado: temp/overlay-2023ac59-ce9d-41ac-9b10-3403f321819d.png (72053 bytes)"}
{"level":"info","message":"[cf536ce9-6873-4d7e-8b92-e185efc0ce76] Generando overlay glassmorphism"}
{"level":"info","message":"[cf536ce9-6873-4d7e-8b92-e185efc0ce76] Avatar cargado en overlay"}
{"level":"info","message":"[cf536ce9-6873-4d7e-8b92-e185efc0ce76] Overlay guardado: temp/overlay-cf536ce9-6873-4d7e-8b92-e185efc0ce76.png (72053 bytes)"}
{"level":"info","message":"[e48cea2a-4c1c-4649-9afb-1fdbe1c93961] Generando overlay glassmorphism"}
{"level":"info","message":"[e48cea2a-4c1c-4649-9afb-1fdbe1c93961] Avatar cargado en overlay"}
{"level":"info","message":"[e48cea2a-4c1c-4649-9afb-1fdbe1c93961] Overlay guardado: temp/overlay-e48cea2a-4c1c-4649-9afb-1fdbe1c93961.png (40368 bytes)"}
{"level":"info","message":"[ce6ff777-64ac-4fa6-af71-0e7a52c47dce] Generando overlay glassmorphism"}
{"level":"info","message":"[ce6ff777-64ac-4fa6-af71-0e7a52c47dce] Avatar cargado en overlay"}
{"level":"info","message":"[ce6ff777-64ac-4fa6-af71-0e7a52c47dce] Overlay guardado: temp/overlay-ce6ff777-64ac-4fa6-af71-0e7a52c47dce.png (78500 bytes)"}
{"level":"info","message":"[5d5f7f46-461e-43dd-9554-9029fdd3414b] Generando overlay glassmorphism"}
{"level":"info","message":"[5d5f7f46-461e-43dd-9554-9029fdd3414b] Avatar cargado en overlay"}
{"level":"info","message":"[5d5f7f46-461e-43dd-9554-9029fdd3414b] Overlay guardado: temp/overlay-5d5f7f46-461e-43dd-9554-9029fdd3414b.png (72053 bytes)"}
{"level":"info","message":"[2f08ec1f-2821-4685-84d5-5654eb9c3949] Generando overlay glassmorphism"}
{"level":"info","message":"[2f08ec1f-2821-4685-84d5-5654eb9c3949] Avatar cargado en overlay"}
{"level":"info","message":"[2f08ec1f-2821-4685-84d5-5654eb9c3949] Overlay guardado: temp/overlay-2f08ec1f-2821-4685-84d5-5654eb9c3949.png (72053 bytes)"}
{"level":"info","message":"[edb9fa36-3c9b-4b7c-8b60-1d43dbab3f0d] Generando overlay glassmorphism"}
{"level":"info","message":"[edb9fa36-3c9b-4b7c-8b60-1d43dbab3f0d] Avatar cargado en overlay"}
{"level":"info","message":"[edb9fa36-3c9b-4b7c-8b60-1d43dbab3f0d] Overlay guardado: temp/overlay-edb9fa36-3c9b-4b7c-8b60-1d43dbab3f0d.png (79811 bytes)"}
{"level":"info","message":"[366c0fd0-44d1-498f-b340-9cb3e1eedc14] Generando overlay glassmorphism"}
{"level":"info","message":"[366c0fd0-44d1-498f-b340-9cb3e1eedc14] Avatar cargado en overlay"}
{"level":"info","message":"[366c0fd0-44d1-498f-b340-9cb3e1eedc14] Overlay guardado: temp/overlay-366c0fd0-44d1-498f-b340-9cb3e1eedc14.png (76822 bytes)"}
{"level":"info","message":"[2e8ae927-7452-424e-abb5-c86238fa401e] Generando overlay glassmorphism"}
{"level":"info","message":"[2e8ae927-7452-424e-abb5-c86238fa401e] Avatar cargado en overlay"}
{"level":"info","message":"[2e8ae927-7452-424e-abb5-c86238fa401e] Overlay guardado: temp/overlay-2e8ae927-7452-424e-abb5-c86238fa401e.png (72053 bytes)"}
{"level":"info","message":"[081139f2-03c3-4052-a61b-99e9bc7667b6] Generando overlay glassmorphism"}
{"level":"info","message":"[081139f2-03c3-4052-a61b-99e9bc7667b6] Avatar cargado en overlay"}
{"level":"info","message":"[081139f2-03c3-4052-a61b-99e9bc7667b6] Overlay guardado: temp/overlay-081139f2-03c3-4052-a61b-99e9bc7667b6.png (47751 bytes)"}
{"level":"info","message":"[558770f5-6ef1-4167-8ccb-5d5257d9303e] Generando overlay glassmorphism"}
{"level":"info","message":"[558770f5-6ef1-4167-8ccb-5d5257d9303e] Avatar cargado en overlay"}
{"level":"info","message":"[558770f5-6ef1-4167-8ccb-5d5257d9303e] Overlay guardado: temp/overlay-558770f5-6ef1-4167-8ccb-5d5257d9303e.png (97285 bytes)"}
{"level":"info","message":"[0a3c4440-bf86-4c4c-a96a-c96fabdf0bad] Generando overlay glassmorphism"}
{"level":"info","message":"[0a3c4440-bf86-4c4c-a96a-c96fabdf0bad] Avatar cargado en overlay"}
{"level":"info","message":"[0a3c4440-bf86-4c4c-a96a-c96fabdf0bad] Overlay guardado: temp/overlay-0a3c4440-bf86-4c4c-a96a-c96fabdf0bad.png (176439 bytes)"}
{"level":"info","message":"[08cda89c-3155-4194-b8bf-e4f73af78843] Generando overlay glassmorphism"}
{"level":"info","message":"[08cda89c-3155-4194-b8bf-e4f73af78843] Avatar cargado en overlay"}
{"level":"info","message":"[08cda89c-3155-4194-b8bf-e4f73af78843] Overlay guardado: temp/overlay-08cda89c-3155-4194-b8bf-e4f73af78843.png (180110 bytes)"}
{"level":"info","message":"[baefb672-eb26-4437-9eb1-e06944029df8] Generando overlay glassmorphism"}
{"level":"info","message":"[baefb672-eb26-4437-9eb1-e06944029df8] Avatar cargado en overlay"}
{"level":"info","message":"[baefb672-eb26-4437-9eb1-e06944029df8] Overlay guardado: temp/overlay-baefb672-eb26-4437-9eb1-e06944029df8.png (185410 bytes)"}
{"level":"info","message":"[c36d7eaa-2074-464c-b9ae-d980d28b17dd] Generando overlay glassmorphism"}
{"level":"info","message":"[c36d7eaa-2074-464c-b9ae-d980d28b17dd] Avatar cargado en overlay"}
{"level":"info","message":"[c36d7eaa-2074-464c-b9ae-d980d28b17dd] Overlay guardado: temp/overlay-c36d7eaa-2074-464c-b9ae-d980d28b17dd.png (187795 bytes)"}
{"level":"info","message":"[5afc6124-f01e-4342-8f93-202afed106c2] Generando overlay glassmorphism"}
{"level":"info","message":"[5afc6124-f01e-4342-8f93-202afed106c2] Avatar cargado en overlay"}
{"level":"info","message":"[5afc6124-f01e-4342-8f93-202afed106c2] Overlay guardado: temp/overlay-5afc6124-f01e-4342-8f93-202afed106c2.png (196509 bytes)"}
{"level":"info","message":"[4cbd8605-091e-4625-9ded-a57d02a2f7b4] Generando overlay glassmorphism"}
{"level":"info","message":"[4cbd8605-091e-4625-9ded-a57d02a2f7b4] Avatar cargado en overlay"}
{"level":"info","message":"[4cbd8605-091e-4625-9ded-a57d02a2f7b4] Overlay guardado: temp/overlay-4cbd8605-091e-4625-9ded-a57d02a2f7b4.png (182513 bytes)"}
{"level":"info","message":"[907e9f80-cd83-4042-bfe9-8d1b637696f1] Generando overlay glassmorphism"}
{"level":"info","message":"[907e9f80-cd83-4042-bfe9-8d1b637696f1] Avatar cargado en overlay"}
{"level":"info","message":"[907e9f80-cd83-4042-bfe9-8d1b637696f1] Overlay guardado: temp/overlay-907e9f80-cd83-4042-bfe9-8d1b637696f1.png (160848 bytes)"}
{"level":"info","message":"[c9d03847-8bfd-42cb-9782-ba0bb74197b9] Generando overlay glassmorphism"}
{"level":"info","message":"[c9d03847-8bfd-42cb-9782-ba0bb74197b9] Avatar cargado en overlay"}
{"level":"info","message":"[c9d03847-8bfd-42cb-9782-ba0bb74197b9] Overlay guardado: temp/overlay-c9d03847-8bfd-42cb-9782-ba0bb74197b9.png (160848 bytes)"}
{"level":"info","message":"[6b1d9282-55e4-4ab7-bf65-def4a94924ab] Generando overlay glassmorphism"}
{"level":"info","message":"[6b1d9282-55e4-4ab7-bf65-def4a94924ab] Avatar cargado en overlay"}
{"level":"info","message":"[6b1d9282-55e4-4ab7-bf65-def4a94924ab] Overlay guardado: temp/overlay-6b1d9282-55e4-4ab7-bf65-def4a94924ab.png (72053 bytes)"}
{"level":"info","message":"[7f24576f-c20a-4bbb-885d-86e7876d3707] Generando overlay glassmorphism"}
{"level":"info","message":"[7f24576f-c20a-4bbb-885d-86e7876d3707] Avatar cargado en overlay"}
{"level":"info","message":"[7f24576f-c20a-4bbb-885d-86e7876d3707] Overlay guardado: temp/overlay-7f24576f-c20a-4bbb-885d-86e7876d3707.png (78500 bytes)"}
{"level":"info","message":"[ea86a89c-8ad4-4385-9021-644e288e645d] Generando overlay glassmorphism"}
{"level":"info","message":"[ea86a89c-8ad4-4385-9021-644e288e645d] Avatar cargado en overlay"}
{"level":"info","message":"[ea86a89c-8ad4-4385-9021-644e288e645d] Overlay guardado: temp/overlay-ea86a89c-8ad4-4385-9021-644e288e645d.png (72053 bytes)"}
{"level":"info","message":"[86d1e2dc-2fc7-4c64-9d8f-30610759effa] Generando overlay glassmorphism"}
{"level":"info","message":"[86d1e2dc-2fc7-4c64-9d8f-30610759effa] Avatar cargado en overlay"}
{"level":"info","message":"[86d1e2dc-2fc7-4c64-9d8f-30610759effa] Overlay guardado: temp/overlay-86d1e2dc-2fc7-4c64-9d8f-30610759effa.png (47751 bytes)"}
{"level":"info","message":"[5aa6c431-5f1e-4649-b105-3edbec0e2e02] Generando overlay glassmorphism"}
{"level":"info","message":"[5aa6c431-5f1e-4649-b105-3edbec0e2e02] Avatar cargado en overlay"}
{"level":"info","message":"[5aa6c431-5f1e-4649-b105-3edbec0e2e02] Overlay guardado: temp/overlay-5aa6c431-5f1e-4649-b105-3edbec0e2e02.png (66834 bytes)"}
{"level":"info","message":"[a085a37a-99b7-4610-aebf-f915e68d9293] Generando overlay glassmorphism"}
{"level":"info","message":"[a085a37a-99b7-4610-aebf-f915e68d9293] Avatar cargado en overlay"}
{"level":"info","message":"[a085a37a-99b7-4610-aebf-f915e68d9293] Overlay guardado: temp/overlay-a085a37a-99b7-4610-aebf-f915e68d9293.png (47751 bytes)"}
{"level":"info","message":"[1f081092-bbf9-4c25-a8b3-62f3b5ea7efc] Generando overlay glassmorphism"}
{"level":"info","message":"[1f081092-bbf9-4c25-a8b3-62f3b5ea7efc] Avatar cargado en overlay"}
{"level":"info","message":"[1f081092-bbf9-4c25-a8b3-62f3b5ea7efc] Overlay guardado: temp/overlay-1f081092-bbf9-4c25-a8b3-62f3b5ea7efc.png (47751 bytes)"}
